[2025-08-14 10:04:53Z INFO HostContext] No proxy settings were found based on environmental variables (http_proxy/https_proxy/HTTP_PROXY/HTTPS_PROXY)
[2025-08-14 10:04:53Z INFO HostContext] Well known directory 'Bin': 'C:\laragon\www\fiberx\actions-runner\bin'
[2025-08-14 10:04:53Z INFO HostContext] Well known directory 'Root': 'C:\laragon\www\fiberx\actions-runner'
[2025-08-14 10:04:53Z INFO HostContext] Well known config file 'Credentials': 'C:\laragon\www\fiberx\actions-runner\.credentials'
[2025-08-14 10:04:53Z INFO HostContext] Well known directory 'Bin': 'C:\laragon\www\fiberx\actions-runner\bin'
[2025-08-14 10:04:53Z INFO HostContext] Well known directory 'Root': 'C:\laragon\www\fiberx\actions-runner'
[2025-08-14 10:04:53Z INFO HostContext] Well known config file 'Runner': 'C:\laragon\www\fiberx\actions-runner\.runner'
[2025-08-14 10:04:53Z INFO Listener] Runner is built for Windows (X64) - win-x64.
[2025-08-14 10:04:53Z INFO Listener] RuntimeInformation: Microsoft Windows 10.0.19045.
[2025-08-14 10:04:53Z INFO Listener] Version: 2.327.1
[2025-08-14 10:04:53Z INFO Listener] Commit: 9513afd82fbc900d13362cdd4fcdab0538f5124e
[2025-08-14 10:04:53Z INFO Listener] Culture: en-US
[2025-08-14 10:04:53Z INFO Listener] UI Culture: en-US
[2025-08-14 10:04:53Z INFO HostContext] Well known directory 'Bin': 'C:\laragon\www\fiberx\actions-runner\bin'
[2025-08-14 10:04:53Z INFO HostContext] Well known directory 'Root': 'C:\laragon\www\fiberx\actions-runner'
[2025-08-14 10:04:53Z INFO Listener] Validating directory permissions for: 'C:\laragon\www\fiberx\actions-runner'
[2025-08-14 10:04:53Z INFO CommandLineParser] Parse
[2025-08-14 10:04:53Z INFO CommandLineParser] Parsing 5 args
[2025-08-14 10:04:53Z INFO CommandLineParser] parsing argument
[2025-08-14 10:04:53Z INFO CommandLineParser] HasArgs: False
[2025-08-14 10:04:53Z INFO CommandLineParser] Adding Command: configure
[2025-08-14 10:04:53Z INFO CommandLineParser] parsing argument
[2025-08-14 10:04:53Z INFO CommandLineParser] HasArgs: True
[2025-08-14 10:04:53Z INFO CommandLineParser] arg: url
[2025-08-14 10:04:53Z INFO CommandLineParser] parsing argument
[2025-08-14 10:04:53Z INFO CommandLineParser] HasArgs: True
[2025-08-14 10:04:53Z INFO CommandLineParser] Adding option 'url': 'https://github.com/jauharimalik/fiberx'
[2025-08-14 10:04:53Z INFO CommandLineParser] parsing argument
[2025-08-14 10:04:53Z INFO CommandLineParser] HasArgs: True
[2025-08-14 10:04:53Z INFO CommandLineParser] arg: token
[2025-08-14 10:04:53Z INFO CommandLineParser] parsing argument
[2025-08-14 10:04:53Z INFO CommandLineParser] HasArgs: True
[2025-08-14 10:04:53Z INFO CommandLineParser] Adding option 'token': '***'
[2025-08-14 10:04:53Z INFO Listener] Arguments parsed
[2025-08-14 10:04:53Z INFO Runner] ExecuteCommand
[2025-08-14 10:04:53Z INFO ConfigurationStore] currentAssemblyLocation: C:\laragon\www\fiberx\actions-runner\bin\Runner.Listener.dll
[2025-08-14 10:04:53Z INFO HostContext] Well known directory 'Bin': 'C:\laragon\www\fiberx\actions-runner\bin'
[2025-08-14 10:04:53Z INFO ConfigurationStore] binPath: C:\laragon\www\fiberx\actions-runner\bin
[2025-08-14 10:04:53Z INFO HostContext] Well known directory 'Bin': 'C:\laragon\www\fiberx\actions-runner\bin'
[2025-08-14 10:04:53Z INFO HostContext] Well known directory 'Root': 'C:\laragon\www\fiberx\actions-runner'
[2025-08-14 10:04:53Z INFO ConfigurationStore] RootFolder: C:\laragon\www\fiberx\actions-runner
[2025-08-14 10:04:53Z INFO HostContext] Well known directory 'Bin': 'C:\laragon\www\fiberx\actions-runner\bin'
[2025-08-14 10:04:53Z INFO HostContext] Well known directory 'Root': 'C:\laragon\www\fiberx\actions-runner'
[2025-08-14 10:04:53Z INFO HostContext] Well known config file 'Runner': 'C:\laragon\www\fiberx\actions-runner\.runner'
[2025-08-14 10:04:53Z INFO ConfigurationStore] ConfigFilePath: C:\laragon\www\fiberx\actions-runner\.runner
[2025-08-14 10:04:53Z INFO HostContext] Well known directory 'Bin': 'C:\laragon\www\fiberx\actions-runner\bin'
[2025-08-14 10:04:53Z INFO HostContext] Well known directory 'Root': 'C:\laragon\www\fiberx\actions-runner'
[2025-08-14 10:04:53Z INFO HostContext] Well known config file 'MigratedRunner': 'C:\laragon\www\fiberx\actions-runner\.runner_migrated'
[2025-08-14 10:04:53Z INFO ConfigurationStore] MigratedConfigFilePath: C:\laragon\www\fiberx\actions-runner\.runner_migrated
[2025-08-14 10:04:53Z INFO HostContext] Well known directory 'Bin': 'C:\laragon\www\fiberx\actions-runner\bin'
[2025-08-14 10:04:53Z INFO HostContext] Well known directory 'Root': 'C:\laragon\www\fiberx\actions-runner'
[2025-08-14 10:04:53Z INFO HostContext] Well known config file 'Credentials': 'C:\laragon\www\fiberx\actions-runner\.credentials'
[2025-08-14 10:04:53Z INFO ConfigurationStore] CredFilePath: C:\laragon\www\fiberx\actions-runner\.credentials
[2025-08-14 10:04:53Z INFO HostContext] Well known directory 'Bin': 'C:\laragon\www\fiberx\actions-runner\bin'
[2025-08-14 10:04:53Z INFO HostContext] Well known directory 'Root': 'C:\laragon\www\fiberx\actions-runner'
[2025-08-14 10:04:53Z INFO HostContext] Well known config file 'MigratedCredentials': 'C:\laragon\www\fiberx\actions-runner\.credentials_migrated'
[2025-08-14 10:04:53Z INFO ConfigurationStore] MigratedCredFilePath: C:\laragon\www\fiberx\actions-runner\.credentials_migrated
[2025-08-14 10:04:53Z INFO HostContext] Well known directory 'Bin': 'C:\laragon\www\fiberx\actions-runner\bin'
[2025-08-14 10:04:53Z INFO HostContext] Well known directory 'Root': 'C:\laragon\www\fiberx\actions-runner'
[2025-08-14 10:04:53Z INFO HostContext] Well known config file 'Service': 'C:\laragon\www\fiberx\actions-runner\.service'
[2025-08-14 10:04:53Z INFO ConfigurationStore] ServiceConfigFilePath: C:\laragon\www\fiberx\actions-runner\.service
[2025-08-14 10:04:53Z INFO CommandSettings] Flag 'help': 'False'
[2025-08-14 10:04:53Z INFO CommandSettings] Flag 'version': 'False'
[2025-08-14 10:04:53Z INFO CommandSettings] Flag 'commit': 'False'
[2025-08-14 10:04:53Z INFO CommandSettings] Flag 'check': 'False'
[2025-08-14 10:04:53Z INFO CommandSettings] Command 'configure': 'True'
[2025-08-14 10:04:53Z INFO Terminal] WRITE LINE: 
[2025-08-14 10:04:53Z INFO Terminal] WRITE LINE: --------------------------------------------------------------------------------
[2025-08-14 10:04:53Z INFO Terminal] WRITE LINE: |        ____ _ _   _   _       _          _        _   _                      |
[2025-08-14 10:04:53Z INFO Terminal] WRITE LINE: |       / ___(_) |_| | | |_   _| |__      / \   ___| |_(_) ___  _ __  ___      |
[2025-08-14 10:04:53Z INFO Terminal] WRITE LINE: |      | |  _| | __| |_| | | | | '_ \    / _ \ / __| __| |/ _ \| '_ \/ __|     |
[2025-08-14 10:04:53Z INFO Terminal] WRITE LINE: |      | |_| | | |_|  _  | |_| | |_) |  / ___ \ (__| |_| | (_) | | | \__ \     |
[2025-08-14 10:04:53Z INFO Terminal] WRITE LINE: |       \____|_|\__|_| |_|\__,_|_.__/  /_/   \_\___|\__|_|\___/|_| |_|___/     |
[2025-08-14 10:04:53Z INFO Terminal] WRITE LINE: |                                                                              |
[2025-08-14 10:04:53Z INFO Terminal] WRITE: |                       
[2025-08-14 10:04:53Z INFO Terminal] WRITE: Self-hosted runner registration
[2025-08-14 10:04:53Z INFO Terminal] WRITE LINE:                         |
[2025-08-14 10:04:53Z INFO Terminal] WRITE LINE: |                                                                              |
[2025-08-14 10:04:53Z INFO Terminal] WRITE LINE: --------------------------------------------------------------------------------
[2025-08-14 10:04:53Z INFO ConfigurationManager] ConfigureAsync
[2025-08-14 10:04:53Z INFO CommandSettings] Flag 'generateServiceConfig': 'False'
[2025-08-14 10:04:53Z INFO ConfigurationStore] IsConfigured()
[2025-08-14 10:04:53Z INFO ConfigurationStore] IsConfigured: True
[2025-08-14 10:04:53Z INFO ConfigurationManager] Is configured: True
[2025-08-14 10:04:53Z ERR  Runner] System.InvalidOperationException: Cannot configure the runner because it is already configured. To reconfigure the runner, run 'config.cmd remove' or './config.sh remove' first.
   at GitHub.Runner.Listener.Configuration.ConfigurationManager.ConfigureAsync(CommandSettings command)
   at GitHub.Runner.Listener.Runner.ExecuteCommand(CommandSettings command)
[2025-08-14 10:04:53Z ERR  Terminal] WRITE ERROR: Cannot configure the runner because it is already configured. To reconfigure the runner, run 'config.cmd remove' or './config.sh remove' first.
[2025-08-14 10:04:53Z INFO Listener] Runner execution has finished with return code 1
