[2025-08-14 10:02:54Z INFO HostContext] No proxy settings were found based on environmental variables (http_proxy/https_proxy/HTTP_PROXY/HTTPS_PROXY)
[2025-08-14 10:02:54Z INFO HostContext] Well known directory 'Bin': 'C:\laragon\www\fiberx\actions-runner\bin'
[2025-08-14 10:02:54Z INFO HostContext] Well known directory 'Root': 'C:\laragon\www\fiberx\actions-runner'
[2025-08-14 10:02:54Z INFO HostContext] Well known config file 'Credentials': 'C:\laragon\www\fiberx\actions-runner\.credentials'
[2025-08-14 10:02:54Z INFO HostContext] Well known directory 'Bin': 'C:\laragon\www\fiberx\actions-runner\bin'
[2025-08-14 10:02:54Z INFO HostContext] Well known directory 'Root': 'C:\laragon\www\fiberx\actions-runner'
[2025-08-14 10:02:54Z INFO HostContext] Well known config file 'Runner': 'C:\laragon\www\fiberx\actions-runner\.runner'
[2025-08-14 10:02:54Z INFO Listener] Runner is built for Windows (X64) - win-x64.
[2025-08-14 10:02:54Z INFO Listener] RuntimeInformation: Microsoft Windows 10.0.19045.
[2025-08-14 10:02:54Z INFO Listener] Version: 2.327.1
[2025-08-14 10:02:54Z INFO Listener] Commit: 9513afd82fbc900d13362cdd4fcdab0538f5124e
[2025-08-14 10:02:54Z INFO Listener] Culture: en-US
[2025-08-14 10:02:54Z INFO Listener] UI Culture: en-US
[2025-08-14 10:02:54Z INFO HostContext] Well known directory 'Bin': 'C:\laragon\www\fiberx\actions-runner\bin'
[2025-08-14 10:02:54Z INFO HostContext] Well known directory 'Root': 'C:\laragon\www\fiberx\actions-runner'
[2025-08-14 10:02:54Z INFO Listener] Validating directory permissions for: 'C:\laragon\www\fiberx\actions-runner'
[2025-08-14 10:02:54Z INFO CommandLineParser] Parse
[2025-08-14 10:02:54Z INFO CommandLineParser] Parsing 1 args
[2025-08-14 10:02:54Z INFO CommandLineParser] parsing argument
[2025-08-14 10:02:54Z INFO CommandLineParser] HasArgs: False
[2025-08-14 10:02:54Z INFO CommandLineParser] Adding Command: run
[2025-08-14 10:02:54Z INFO Listener] Arguments parsed
[2025-08-14 10:02:54Z INFO Runner] ExecuteCommand
[2025-08-14 10:02:54Z INFO ConfigurationStore] currentAssemblyLocation: C:\laragon\www\fiberx\actions-runner\bin\Runner.Listener.dll
[2025-08-14 10:02:54Z INFO HostContext] Well known directory 'Bin': 'C:\laragon\www\fiberx\actions-runner\bin'
[2025-08-14 10:02:54Z INFO ConfigurationStore] binPath: C:\laragon\www\fiberx\actions-runner\bin
[2025-08-14 10:02:54Z INFO HostContext] Well known directory 'Bin': 'C:\laragon\www\fiberx\actions-runner\bin'
[2025-08-14 10:02:54Z INFO HostContext] Well known directory 'Root': 'C:\laragon\www\fiberx\actions-runner'
[2025-08-14 10:02:54Z INFO ConfigurationStore] RootFolder: C:\laragon\www\fiberx\actions-runner
[2025-08-14 10:02:54Z INFO HostContext] Well known directory 'Bin': 'C:\laragon\www\fiberx\actions-runner\bin'
[2025-08-14 10:02:54Z INFO HostContext] Well known directory 'Root': 'C:\laragon\www\fiberx\actions-runner'
[2025-08-14 10:02:54Z INFO HostContext] Well known config file 'Runner': 'C:\laragon\www\fiberx\actions-runner\.runner'
[2025-08-14 10:02:54Z INFO ConfigurationStore] ConfigFilePath: C:\laragon\www\fiberx\actions-runner\.runner
[2025-08-14 10:02:54Z INFO HostContext] Well known directory 'Bin': 'C:\laragon\www\fiberx\actions-runner\bin'
[2025-08-14 10:02:54Z INFO HostContext] Well known directory 'Root': 'C:\laragon\www\fiberx\actions-runner'
[2025-08-14 10:02:54Z INFO HostContext] Well known config file 'MigratedRunner': 'C:\laragon\www\fiberx\actions-runner\.runner_migrated'
[2025-08-14 10:02:54Z INFO ConfigurationStore] MigratedConfigFilePath: C:\laragon\www\fiberx\actions-runner\.runner_migrated
[2025-08-14 10:02:54Z INFO HostContext] Well known directory 'Bin': 'C:\laragon\www\fiberx\actions-runner\bin'
[2025-08-14 10:02:54Z INFO HostContext] Well known directory 'Root': 'C:\laragon\www\fiberx\actions-runner'
[2025-08-14 10:02:54Z INFO HostContext] Well known config file 'Credentials': 'C:\laragon\www\fiberx\actions-runner\.credentials'
[2025-08-14 10:02:54Z INFO ConfigurationStore] CredFilePath: C:\laragon\www\fiberx\actions-runner\.credentials
[2025-08-14 10:02:54Z INFO HostContext] Well known directory 'Bin': 'C:\laragon\www\fiberx\actions-runner\bin'
[2025-08-14 10:02:54Z INFO HostContext] Well known directory 'Root': 'C:\laragon\www\fiberx\actions-runner'
[2025-08-14 10:02:54Z INFO HostContext] Well known config file 'MigratedCredentials': 'C:\laragon\www\fiberx\actions-runner\.credentials_migrated'
[2025-08-14 10:02:54Z INFO ConfigurationStore] MigratedCredFilePath: C:\laragon\www\fiberx\actions-runner\.credentials_migrated
[2025-08-14 10:02:54Z INFO HostContext] Well known directory 'Bin': 'C:\laragon\www\fiberx\actions-runner\bin'
[2025-08-14 10:02:54Z INFO HostContext] Well known directory 'Root': 'C:\laragon\www\fiberx\actions-runner'
[2025-08-14 10:02:54Z INFO HostContext] Well known config file 'Service': 'C:\laragon\www\fiberx\actions-runner\.service'
[2025-08-14 10:02:54Z INFO ConfigurationStore] ServiceConfigFilePath: C:\laragon\www\fiberx\actions-runner\.service
[2025-08-14 10:02:54Z INFO CommandSettings] Flag 'help': 'False'
[2025-08-14 10:02:54Z INFO CommandSettings] Flag 'version': 'False'
[2025-08-14 10:02:54Z INFO CommandSettings] Flag 'commit': 'False'
[2025-08-14 10:02:54Z INFO CommandSettings] Flag 'check': 'False'
[2025-08-14 10:02:54Z INFO CommandSettings] Command 'configure': 'False'
[2025-08-14 10:02:54Z INFO CommandSettings] Command 'remove': 'False'
[2025-08-14 10:02:54Z INFO CommandSettings] Command 'warmup': 'False'
[2025-08-14 10:02:54Z INFO ConfigurationManager] LoadSettings
[2025-08-14 10:02:54Z INFO ConfigurationStore] IsConfigured()
[2025-08-14 10:02:54Z INFO ConfigurationStore] IsConfigured: True
[2025-08-14 10:02:54Z INFO ConfigurationManager] Is configured: True
[2025-08-14 10:02:54Z INFO ConfigurationStore] Read setting file: 386 chars
[2025-08-14 10:02:54Z INFO ConfigurationManager] Settings Loaded
[2025-08-14 10:02:54Z INFO ConfigurationStore] IsServiceConfigured()
[2025-08-14 10:02:54Z INFO ConfigurationStore] IsServiceConfigured: False
[2025-08-14 10:02:54Z INFO CommandSettings] Command 'run': 'True'
[2025-08-14 10:02:54Z INFO ConfigurationStore] IsConfigured()
[2025-08-14 10:02:54Z INFO ConfigurationStore] IsConfigured: True
[2025-08-14 10:02:54Z INFO ConfigurationManager] Is configured: True
[2025-08-14 10:02:54Z INFO Runner] Could not parse the argument value '' for StartupType. Defaulting to Manual
[2025-08-14 10:02:54Z INFO Runner] Set runner startup type - Manual
[2025-08-14 10:02:54Z INFO CommandSettings] Flag 'once': 'False'
[2025-08-14 10:02:54Z INFO CommandSettings] Flag 'once': 'False'
[2025-08-14 10:02:54Z INFO Runner] RunAsync
[2025-08-14 10:02:54Z INFO ConfigurationManager] LoadMigratedSettings
[2025-08-14 10:02:54Z INFO ConfigurationStore] IsMigratedConfigured()
[2025-08-14 10:02:54Z INFO ConfigurationStore] IsMigratedConfigured: False
[2025-08-14 10:02:54Z INFO Runner] Failed to load migrated settings: No migrated configuration found.
[2025-08-14 10:02:54Z INFO Runner] Falling back to original .runner settings
[2025-08-14 10:02:54Z INFO Runner] Using BrokerMessageListener
[2025-08-14 10:02:54Z INFO BrokerMessageListener] Using provided settings
[2025-08-14 10:02:54Z INFO BrokerMessageListener] {
  "AgentId": 22,
  "AgentName": "JO",
  "PoolId": 1,
  "PoolName": "Default",
  "ServerUrl": "https://pipelinesghubeus15.actions.githubusercontent.com/HLVvYa4EQ4gmli2xAFp0jlQMUfJshCbH1feiOknxmXHeaFb9SZ/",
  "GitHubUrl": "https://github.com/jauharimalik/fiberx",
  "WorkFolder": "_work",
  "UseV2Flow": true,
  "ServerUrlV2": "https://broker.actions.githubusercontent.com/"
}
[2025-08-14 10:02:54Z INFO BrokerMessageListener] Loading Credentials
[2025-08-14 10:02:54Z INFO ConfigurationStore] HasCredentials()
[2025-08-14 10:02:54Z INFO ConfigurationStore] stored True
[2025-08-14 10:02:54Z INFO CredentialManager] GetCredentialProvider
[2025-08-14 10:02:54Z INFO CredentialManager] Creating type OAuth
[2025-08-14 10:02:54Z INFO CredentialManager] Creating credential type: OAuth
[2025-08-14 10:02:54Z INFO HostContext] Well known directory 'Bin': 'C:\laragon\www\fiberx\actions-runner\bin'
[2025-08-14 10:02:54Z INFO HostContext] Well known directory 'Root': 'C:\laragon\www\fiberx\actions-runner'
[2025-08-14 10:02:54Z INFO HostContext] Well known config file 'RSACredentials': 'C:\laragon\www\fiberx\actions-runner\.credentials_rsaparams'
[2025-08-14 10:02:54Z INFO RSAEncryptedFileKeyManager] Loading RSA key parameters from file C:\laragon\www\fiberx\actions-runner\.credentials_rsaparams
[2025-08-14 10:02:54Z INFO BrokerMessageListener] Attempt to create session.
[2025-08-14 10:02:54Z INFO BrokerMessageListener] Connecting to the Broker Server...
[2025-08-14 10:02:54Z INFO ConfigurationStore] HasCredentials()
[2025-08-14 10:02:54Z INFO ConfigurationStore] stored True
[2025-08-14 10:02:54Z INFO CredentialManager] GetCredentialProvider
[2025-08-14 10:02:54Z INFO CredentialManager] Creating type OAuth
[2025-08-14 10:02:54Z INFO CredentialManager] Creating credential type: OAuth
[2025-08-14 10:02:54Z INFO RSAEncryptedFileKeyManager] Loading RSA key parameters from file C:\laragon\www\fiberx\actions-runner\.credentials_rsaparams
[2025-08-14 10:02:54Z INFO BrokerMessageListener] VssConnection created
[2025-08-14 10:02:54Z INFO BrokerMessageListener] Connecting to the Runner server...
[2025-08-14 10:02:54Z INFO RunnerServer] EstablishVssConnection
[2025-08-14 10:02:54Z INFO RunnerServer] Establish connection with 100 seconds timeout.
[2025-08-14 10:02:54Z INFO GitHubActionsService] Starting operation Location.GetConnectionData
[2025-08-14 10:02:54Z INFO RunnerServer] EstablishVssConnection
[2025-08-14 10:02:54Z INFO RunnerServer] Establish connection with 60 seconds timeout.
[2025-08-14 10:02:54Z INFO GitHubActionsService] Starting operation Location.GetConnectionData
[2025-08-14 10:02:54Z INFO RunnerServer] EstablishVssConnection
[2025-08-14 10:02:54Z INFO RunnerServer] Establish connection with 60 seconds timeout.
[2025-08-14 10:02:54Z INFO GitHubActionsService] Starting operation Location.GetConnectionData
[2025-08-14 10:02:55Z INFO GitHubActionsService] Finished operation Location.GetConnectionData
[2025-08-14 10:02:55Z INFO GitHubActionsService] Finished operation Location.GetConnectionData
[2025-08-14 10:02:55Z INFO GitHubActionsService] Finished operation Location.GetConnectionData
[2025-08-14 10:02:55Z INFO BrokerMessageListener] VssConnection created
[2025-08-14 10:02:55Z INFO Terminal] WRITE LINE: 
[2025-08-14 10:02:55Z INFO Terminal] WRITE LINE: 
[2025-08-14 10:02:55Z INFO RSAEncryptedFileKeyManager] Loading RSA key parameters from file C:\laragon\www\fiberx\actions-runner\.credentials_rsaparams
[2025-08-14 10:02:55Z INFO RSAEncryptedFileKeyManager] Loading RSA key parameters from file C:\laragon\www\fiberx\actions-runner\.credentials_rsaparams
[2025-08-14 10:02:56Z INFO GitHubActionsService] AAD Correlation ID for this token request: Unknown
[2025-08-14 10:02:58Z INFO BrokerMessageListener] Session created.
[2025-08-14 10:02:58Z INFO Terminal] WRITE LINE: Current runner version: '2.327.1'
[2025-08-14 10:02:58Z INFO Terminal] WRITE LINE: 2025-08-14 10:02:58Z: Listening for Jobs
[2025-08-14 10:02:58Z INFO JobDispatcher] Set runner/worker IPC timeout to 30 seconds.
[2025-08-14 10:02:58Z INFO JobDispatcher] Job cancellation request 7bfb2677-e2a1-5b10-8eeb-8db2b37c4865 received, cancellation timeout 5 minutes.
[2025-08-14 10:02:58Z INFO JobDispatcher] Job cancellation request 7bfb2677-e2a1-5b10-8eeb-8db2b37c4865 received, cancellation timeout 5 minutes.
[2025-08-14 10:02:59Z INFO JobDispatcher] Job cancellation request 7bfb2677-e2a1-5b10-8eeb-8db2b37c4865 received, cancellation timeout 5 minutes.
[2025-08-14 10:02:59Z INFO JobDispatcher] Job cancellation request 7bfb2677-e2a1-5b10-8eeb-8db2b37c4865 received, cancellation timeout 5 minutes.
[2025-08-14 10:03:00Z INFO JobDispatcher] Job cancellation request 7bfb2677-e2a1-5b10-8eeb-8db2b37c4865 received, cancellation timeout 5 minutes.
[2025-08-14 10:03:00Z INFO JobDispatcher] Job cancellation request 7bfb2677-e2a1-5b10-8eeb-8db2b37c4865 received, cancellation timeout 5 minutes.
[2025-08-14 10:03:01Z INFO JobDispatcher] Job cancellation request 7bfb2677-e2a1-5b10-8eeb-8db2b37c4865 received, cancellation timeout 5 minutes.
[2025-08-14 10:03:01Z INFO JobDispatcher] Job cancellation request 7bfb2677-e2a1-5b10-8eeb-8db2b37c4865 received, cancellation timeout 5 minutes.
[2025-08-14 10:03:01Z INFO JobDispatcher] Job cancellation request 7bfb2677-e2a1-5b10-8eeb-8db2b37c4865 received, cancellation timeout 5 minutes.
[2025-08-14 10:03:02Z INFO JobDispatcher] Job cancellation request 7bfb2677-e2a1-5b10-8eeb-8db2b37c4865 received, cancellation timeout 5 minutes.
[2025-08-14 10:03:02Z INFO JobDispatcher] Job cancellation request 7bfb2677-e2a1-5b10-8eeb-8db2b37c4865 received, cancellation timeout 5 minutes.
[2025-08-14 10:03:03Z INFO JobDispatcher] Job cancellation request 7bfb2677-e2a1-5b10-8eeb-8db2b37c4865 received, cancellation timeout 5 minutes.
[2025-08-14 10:03:03Z INFO JobDispatcher] Job cancellation request 7bfb2677-e2a1-5b10-8eeb-8db2b37c4865 received, cancellation timeout 5 minutes.
[2025-08-14 10:03:04Z INFO JobDispatcher] Job cancellation request 7bfb2677-e2a1-5b10-8eeb-8db2b37c4865 received, cancellation timeout 5 minutes.
[2025-08-14 10:03:04Z INFO JobDispatcher] Job cancellation request 7bfb2677-e2a1-5b10-8eeb-8db2b37c4865 received, cancellation timeout 5 minutes.
[2025-08-14 10:03:04Z INFO JobDispatcher] Job cancellation request 7bfb2677-e2a1-5b10-8eeb-8db2b37c4865 received, cancellation timeout 5 minutes.
[2025-08-14 10:03:05Z INFO JobDispatcher] Job cancellation request 7bfb2677-e2a1-5b10-8eeb-8db2b37c4865 received, cancellation timeout 5 minutes.
[2025-08-14 10:03:05Z INFO JobDispatcher] Job cancellation request 7bfb2677-e2a1-5b10-8eeb-8db2b37c4865 received, cancellation timeout 5 minutes.
[2025-08-14 10:03:06Z INFO JobDispatcher] Job cancellation request 7bfb2677-e2a1-5b10-8eeb-8db2b37c4865 received, cancellation timeout 5 minutes.
[2025-08-14 10:03:06Z INFO JobDispatcher] Job cancellation request 7bfb2677-e2a1-5b10-8eeb-8db2b37c4865 received, cancellation timeout 5 minutes.
[2025-08-14 10:03:06Z INFO JobDispatcher] Job cancellation request 7bfb2677-e2a1-5b10-8eeb-8db2b37c4865 received, cancellation timeout 5 minutes.
[2025-08-14 10:03:07Z INFO JobDispatcher] Job cancellation request 7bfb2677-e2a1-5b10-8eeb-8db2b37c4865 received, cancellation timeout 5 minutes.
[2025-08-14 10:03:07Z INFO JobDispatcher] Job cancellation request 7bfb2677-e2a1-5b10-8eeb-8db2b37c4865 received, cancellation timeout 5 minutes.
[2025-08-14 10:03:08Z INFO JobDispatcher] Job cancellation request 7bfb2677-e2a1-5b10-8eeb-8db2b37c4865 received, cancellation timeout 5 minutes.
[2025-08-14 10:03:08Z INFO JobDispatcher] Job cancellation request 7bfb2677-e2a1-5b10-8eeb-8db2b37c4865 received, cancellation timeout 5 minutes.
[2025-08-14 10:03:09Z INFO JobDispatcher] Job cancellation request 7bfb2677-e2a1-5b10-8eeb-8db2b37c4865 received, cancellation timeout 5 minutes.
[2025-08-14 10:03:09Z INFO JobDispatcher] Job cancellation request 7bfb2677-e2a1-5b10-8eeb-8db2b37c4865 received, cancellation timeout 5 minutes.
[2025-08-14 10:03:10Z INFO JobDispatcher] Job cancellation request 7bfb2677-e2a1-5b10-8eeb-8db2b37c4865 received, cancellation timeout 5 minutes.
[2025-08-14 10:03:10Z INFO JobDispatcher] Job cancellation request 7bfb2677-e2a1-5b10-8eeb-8db2b37c4865 received, cancellation timeout 5 minutes.
[2025-08-14 10:03:11Z INFO JobDispatcher] Job cancellation request 7bfb2677-e2a1-5b10-8eeb-8db2b37c4865 received, cancellation timeout 5 minutes.
[2025-08-14 10:03:11Z INFO JobDispatcher] Job cancellation request 7bfb2677-e2a1-5b10-8eeb-8db2b37c4865 received, cancellation timeout 5 minutes.
[2025-08-14 10:03:12Z INFO JobDispatcher] Job cancellation request 7bfb2677-e2a1-5b10-8eeb-8db2b37c4865 received, cancellation timeout 5 minutes.
[2025-08-14 10:03:12Z INFO JobDispatcher] Job cancellation request 7bfb2677-e2a1-5b10-8eeb-8db2b37c4865 received, cancellation timeout 5 minutes.
[2025-08-14 10:03:13Z INFO JobDispatcher] Job cancellation request 7bfb2677-e2a1-5b10-8eeb-8db2b37c4865 received, cancellation timeout 5 minutes.
[2025-08-14 10:03:13Z INFO JobDispatcher] Job cancellation request 7bfb2677-e2a1-5b10-8eeb-8db2b37c4865 received, cancellation timeout 5 minutes.
[2025-08-14 10:03:14Z INFO JobDispatcher] Job cancellation request 7bfb2677-e2a1-5b10-8eeb-8db2b37c4865 received, cancellation timeout 5 minutes.
[2025-08-14 10:03:14Z INFO JobDispatcher] Job cancellation request 7bfb2677-e2a1-5b10-8eeb-8db2b37c4865 received, cancellation timeout 5 minutes.
[2025-08-14 10:03:15Z INFO JobDispatcher] Job cancellation request 7bfb2677-e2a1-5b10-8eeb-8db2b37c4865 received, cancellation timeout 5 minutes.
[2025-08-14 10:03:15Z INFO JobDispatcher] Job cancellation request 7bfb2677-e2a1-5b10-8eeb-8db2b37c4865 received, cancellation timeout 5 minutes.
[2025-08-14 10:03:16Z INFO JobDispatcher] Job cancellation request 7bfb2677-e2a1-5b10-8eeb-8db2b37c4865 received, cancellation timeout 5 minutes.
[2025-08-14 10:03:16Z INFO JobDispatcher] Job cancellation request 7bfb2677-e2a1-5b10-8eeb-8db2b37c4865 received, cancellation timeout 5 minutes.
[2025-08-14 10:03:17Z INFO JobDispatcher] Job cancellation request 7bfb2677-e2a1-5b10-8eeb-8db2b37c4865 received, cancellation timeout 5 minutes.
[2025-08-14 10:03:17Z INFO JobDispatcher] Job cancellation request 7bfb2677-e2a1-5b10-8eeb-8db2b37c4865 received, cancellation timeout 5 minutes.
[2025-08-14 10:03:17Z INFO JobDispatcher] Job cancellation request 7bfb2677-e2a1-5b10-8eeb-8db2b37c4865 received, cancellation timeout 5 minutes.
[2025-08-14 10:03:18Z INFO JobDispatcher] Job cancellation request 7bfb2677-e2a1-5b10-8eeb-8db2b37c4865 received, cancellation timeout 5 minutes.
[2025-08-14 10:03:18Z INFO JobDispatcher] Job cancellation request 7bfb2677-e2a1-5b10-8eeb-8db2b37c4865 received, cancellation timeout 5 minutes.
[2025-08-14 10:03:19Z INFO JobDispatcher] Job cancellation request 7bfb2677-e2a1-5b10-8eeb-8db2b37c4865 received, cancellation timeout 5 minutes.
[2025-08-14 10:03:19Z INFO JobDispatcher] Job cancellation request 7bfb2677-e2a1-5b10-8eeb-8db2b37c4865 received, cancellation timeout 5 minutes.
[2025-08-14 10:03:20Z INFO JobDispatcher] Job cancellation request 7bfb2677-e2a1-5b10-8eeb-8db2b37c4865 received, cancellation timeout 5 minutes.
[2025-08-14 10:03:20Z INFO JobDispatcher] Job cancellation request 7bfb2677-e2a1-5b10-8eeb-8db2b37c4865 received, cancellation timeout 5 minutes.
[2025-08-14 10:03:20Z INFO JobDispatcher] Job cancellation request 7bfb2677-e2a1-5b10-8eeb-8db2b37c4865 received, cancellation timeout 5 minutes.
[2025-08-14 10:03:21Z INFO JobDispatcher] Job cancellation request 7bfb2677-e2a1-5b10-8eeb-8db2b37c4865 received, cancellation timeout 5 minutes.
[2025-08-14 10:03:21Z INFO JobDispatcher] Job cancellation request 7bfb2677-e2a1-5b10-8eeb-8db2b37c4865 received, cancellation timeout 5 minutes.
[2025-08-14 10:03:22Z INFO JobDispatcher] Job cancellation request 7bfb2677-e2a1-5b10-8eeb-8db2b37c4865 received, cancellation timeout 5 minutes.
[2025-08-14 10:03:22Z INFO JobDispatcher] Job cancellation request 7bfb2677-e2a1-5b10-8eeb-8db2b37c4865 received, cancellation timeout 5 minutes.
[2025-08-14 10:03:23Z INFO JobDispatcher] Job cancellation request 7bfb2677-e2a1-5b10-8eeb-8db2b37c4865 received, cancellation timeout 5 minutes.
[2025-08-14 10:03:23Z INFO JobDispatcher] Job cancellation request 7bfb2677-e2a1-5b10-8eeb-8db2b37c4865 received, cancellation timeout 5 minutes.
[2025-08-14 10:03:24Z INFO JobDispatcher] Job cancellation request 7bfb2677-e2a1-5b10-8eeb-8db2b37c4865 received, cancellation timeout 5 minutes.
[2025-08-14 10:03:24Z INFO JobDispatcher] Job cancellation request 7bfb2677-e2a1-5b10-8eeb-8db2b37c4865 received, cancellation timeout 5 minutes.
[2025-08-14 10:03:24Z INFO JobDispatcher] Job cancellation request 7bfb2677-e2a1-5b10-8eeb-8db2b37c4865 received, cancellation timeout 5 minutes.
[2025-08-14 10:03:25Z INFO JobDispatcher] Job cancellation request 7bfb2677-e2a1-5b10-8eeb-8db2b37c4865 received, cancellation timeout 5 minutes.
[2025-08-14 10:03:25Z INFO JobDispatcher] Job cancellation request 7bfb2677-e2a1-5b10-8eeb-8db2b37c4865 received, cancellation timeout 5 minutes.
[2025-08-14 10:03:26Z INFO JobDispatcher] Job cancellation request 7bfb2677-e2a1-5b10-8eeb-8db2b37c4865 received, cancellation timeout 5 minutes.
[2025-08-14 10:03:26Z INFO JobDispatcher] Job cancellation request 7bfb2677-e2a1-5b10-8eeb-8db2b37c4865 received, cancellation timeout 5 minutes.
[2025-08-14 10:03:27Z INFO JobDispatcher] Job cancellation request 7bfb2677-e2a1-5b10-8eeb-8db2b37c4865 received, cancellation timeout 5 minutes.
[2025-08-14 10:03:27Z INFO JobDispatcher] Job cancellation request 7bfb2677-e2a1-5b10-8eeb-8db2b37c4865 received, cancellation timeout 5 minutes.
[2025-08-14 10:03:28Z INFO JobDispatcher] Job cancellation request 7bfb2677-e2a1-5b10-8eeb-8db2b37c4865 received, cancellation timeout 5 minutes.
[2025-08-14 10:03:28Z INFO JobDispatcher] Job cancellation request 7bfb2677-e2a1-5b10-8eeb-8db2b37c4865 received, cancellation timeout 5 minutes.
[2025-08-14 10:03:28Z INFO JobDispatcher] Job cancellation request 7bfb2677-e2a1-5b10-8eeb-8db2b37c4865 received, cancellation timeout 5 minutes.
[2025-08-14 10:03:29Z INFO JobDispatcher] Job cancellation request 7bfb2677-e2a1-5b10-8eeb-8db2b37c4865 received, cancellation timeout 5 minutes.
[2025-08-14 10:03:29Z INFO JobDispatcher] Job cancellation request 7bfb2677-e2a1-5b10-8eeb-8db2b37c4865 received, cancellation timeout 5 minutes.
[2025-08-14 10:03:30Z INFO HostContext] Runner will be shutdown for UserCancelled
[2025-08-14 10:03:30Z INFO JobDispatcher] Job cancellation request 7bfb2677-e2a1-5b10-8eeb-8db2b37c4865 received, cancellation timeout 5 minutes.
[2025-08-14 10:03:30Z INFO JobDispatcher] Shutting down JobDispatcher. Make sure all WorkerDispatcher has finished.
[2025-08-14 10:03:30Z INFO Runner] Deleting Runner Session...
