[2025-08-14 09:40:11Z INFO HostContext] No proxy settings were found based on environmental variables (http_proxy/https_proxy/HTTP_PROXY/HTTPS_PROXY)
[2025-08-14 09:40:11Z INFO HostContext] Well known directory 'Bin': 'C:\laragon\www\fiberx\actions-runner\bin'
[2025-08-14 09:40:11Z INFO HostContext] Well known directory 'Root': 'C:\laragon\www\fiberx\actions-runner'
[2025-08-14 09:40:11Z INFO HostContext] Well known config file 'Credentials': 'C:\laragon\www\fiberx\actions-runner\.credentials'
[2025-08-14 09:40:11Z INFO HostContext] Well known directory 'Bin': 'C:\laragon\www\fiberx\actions-runner\bin'
[2025-08-14 09:40:11Z INFO HostContext] Well known directory 'Root': 'C:\laragon\www\fiberx\actions-runner'
[2025-08-14 09:40:11Z INFO HostContext] Well known config file 'Runner': 'C:\laragon\www\fiberx\actions-runner\.runner'
[2025-08-14 09:40:11Z INFO Listener] Runner is built for Windows (X64) - win-x64.
[2025-08-14 09:40:11Z INFO Listener] RuntimeInformation: Microsoft Windows 10.0.19045.
[2025-08-14 09:40:11Z INFO Listener] Version: 2.327.1
[2025-08-14 09:40:11Z INFO Listener] Commit: 9513afd82fbc900d13362cdd4fcdab0538f5124e
[2025-08-14 09:40:11Z INFO Listener] Culture: en-US
[2025-08-14 09:40:11Z INFO Listener] UI Culture: en-US
[2025-08-14 09:40:11Z INFO HostContext] Well known directory 'Bin': 'C:\laragon\www\fiberx\actions-runner\bin'
[2025-08-14 09:40:11Z INFO HostContext] Well known directory 'Root': 'C:\laragon\www\fiberx\actions-runner'
[2025-08-14 09:40:11Z INFO Listener] Validating directory permissions for: 'C:\laragon\www\fiberx\actions-runner'
[2025-08-14 09:40:11Z INFO CommandLineParser] Parse
[2025-08-14 09:40:11Z INFO CommandLineParser] Parsing 5 args
[2025-08-14 09:40:11Z INFO CommandLineParser] parsing argument
[2025-08-14 09:40:11Z INFO CommandLineParser] HasArgs: False
[2025-08-14 09:40:11Z INFO CommandLineParser] Adding Command: configure
[2025-08-14 09:40:11Z INFO CommandLineParser] parsing argument
[2025-08-14 09:40:11Z INFO CommandLineParser] HasArgs: True
[2025-08-14 09:40:11Z INFO CommandLineParser] arg: url
[2025-08-14 09:40:11Z INFO CommandLineParser] parsing argument
[2025-08-14 09:40:11Z INFO CommandLineParser] HasArgs: True
[2025-08-14 09:40:11Z INFO CommandLineParser] Adding option 'url': 'https://github.com/jauharimalik/fiberx'
[2025-08-14 09:40:11Z INFO CommandLineParser] parsing argument
[2025-08-14 09:40:11Z INFO CommandLineParser] HasArgs: True
[2025-08-14 09:40:11Z INFO CommandLineParser] arg: token
[2025-08-14 09:40:11Z INFO CommandLineParser] parsing argument
[2025-08-14 09:40:11Z INFO CommandLineParser] HasArgs: True
[2025-08-14 09:40:11Z INFO CommandLineParser] Adding option 'token': '***'
[2025-08-14 09:40:11Z INFO Listener] Arguments parsed
[2025-08-14 09:40:11Z INFO Runner] ExecuteCommand
[2025-08-14 09:40:11Z INFO ConfigurationStore] currentAssemblyLocation: C:\laragon\www\fiberx\actions-runner\bin\Runner.Listener.dll
[2025-08-14 09:40:11Z INFO HostContext] Well known directory 'Bin': 'C:\laragon\www\fiberx\actions-runner\bin'
[2025-08-14 09:40:11Z INFO ConfigurationStore] binPath: C:\laragon\www\fiberx\actions-runner\bin
[2025-08-14 09:40:11Z INFO HostContext] Well known directory 'Bin': 'C:\laragon\www\fiberx\actions-runner\bin'
[2025-08-14 09:40:11Z INFO HostContext] Well known directory 'Root': 'C:\laragon\www\fiberx\actions-runner'
[2025-08-14 09:40:11Z INFO ConfigurationStore] RootFolder: C:\laragon\www\fiberx\actions-runner
[2025-08-14 09:40:11Z INFO HostContext] Well known directory 'Bin': 'C:\laragon\www\fiberx\actions-runner\bin'
[2025-08-14 09:40:11Z INFO HostContext] Well known directory 'Root': 'C:\laragon\www\fiberx\actions-runner'
[2025-08-14 09:40:11Z INFO HostContext] Well known config file 'Runner': 'C:\laragon\www\fiberx\actions-runner\.runner'
[2025-08-14 09:40:11Z INFO ConfigurationStore] ConfigFilePath: C:\laragon\www\fiberx\actions-runner\.runner
[2025-08-14 09:40:11Z INFO HostContext] Well known directory 'Bin': 'C:\laragon\www\fiberx\actions-runner\bin'
[2025-08-14 09:40:11Z INFO HostContext] Well known directory 'Root': 'C:\laragon\www\fiberx\actions-runner'
[2025-08-14 09:40:11Z INFO HostContext] Well known config file 'MigratedRunner': 'C:\laragon\www\fiberx\actions-runner\.runner_migrated'
[2025-08-14 09:40:11Z INFO ConfigurationStore] MigratedConfigFilePath: C:\laragon\www\fiberx\actions-runner\.runner_migrated
[2025-08-14 09:40:11Z INFO HostContext] Well known directory 'Bin': 'C:\laragon\www\fiberx\actions-runner\bin'
[2025-08-14 09:40:11Z INFO HostContext] Well known directory 'Root': 'C:\laragon\www\fiberx\actions-runner'
[2025-08-14 09:40:11Z INFO HostContext] Well known config file 'Credentials': 'C:\laragon\www\fiberx\actions-runner\.credentials'
[2025-08-14 09:40:11Z INFO ConfigurationStore] CredFilePath: C:\laragon\www\fiberx\actions-runner\.credentials
[2025-08-14 09:40:11Z INFO HostContext] Well known directory 'Bin': 'C:\laragon\www\fiberx\actions-runner\bin'
[2025-08-14 09:40:11Z INFO HostContext] Well known directory 'Root': 'C:\laragon\www\fiberx\actions-runner'
[2025-08-14 09:40:11Z INFO HostContext] Well known config file 'MigratedCredentials': 'C:\laragon\www\fiberx\actions-runner\.credentials_migrated'
[2025-08-14 09:40:11Z INFO ConfigurationStore] MigratedCredFilePath: C:\laragon\www\fiberx\actions-runner\.credentials_migrated
[2025-08-14 09:40:11Z INFO HostContext] Well known directory 'Bin': 'C:\laragon\www\fiberx\actions-runner\bin'
[2025-08-14 09:40:11Z INFO HostContext] Well known directory 'Root': 'C:\laragon\www\fiberx\actions-runner'
[2025-08-14 09:40:11Z INFO HostContext] Well known config file 'Service': 'C:\laragon\www\fiberx\actions-runner\.service'
[2025-08-14 09:40:11Z INFO ConfigurationStore] ServiceConfigFilePath: C:\laragon\www\fiberx\actions-runner\.service
[2025-08-14 09:40:11Z INFO CommandSettings] Flag 'help': 'False'
[2025-08-14 09:40:11Z INFO CommandSettings] Flag 'version': 'False'
[2025-08-14 09:40:11Z INFO CommandSettings] Flag 'commit': 'False'
[2025-08-14 09:40:11Z INFO CommandSettings] Flag 'check': 'False'
[2025-08-14 09:40:11Z INFO CommandSettings] Command 'configure': 'True'
[2025-08-14 09:40:11Z INFO Terminal] WRITE LINE: 
[2025-08-14 09:40:11Z INFO Terminal] WRITE LINE: --------------------------------------------------------------------------------
[2025-08-14 09:40:11Z INFO Terminal] WRITE LINE: |        ____ _ _   _   _       _          _        _   _                      |
[2025-08-14 09:40:11Z INFO Terminal] WRITE LINE: |       / ___(_) |_| | | |_   _| |__      / \   ___| |_(_) ___  _ __  ___      |
[2025-08-14 09:40:11Z INFO Terminal] WRITE LINE: |      | |  _| | __| |_| | | | | '_ \    / _ \ / __| __| |/ _ \| '_ \/ __|     |
[2025-08-14 09:40:11Z INFO Terminal] WRITE LINE: |      | |_| | | |_|  _  | |_| | |_) |  / ___ \ (__| |_| | (_) | | | \__ \     |
[2025-08-14 09:40:11Z INFO Terminal] WRITE LINE: |       \____|_|\__|_| |_|\__,_|_.__/  /_/   \_\___|\__|_|\___/|_| |_|___/     |
[2025-08-14 09:40:11Z INFO Terminal] WRITE LINE: |                                                                              |
[2025-08-14 09:40:11Z INFO Terminal] WRITE: |                       
[2025-08-14 09:40:11Z INFO Terminal] WRITE: Self-hosted runner registration
[2025-08-14 09:40:11Z INFO Terminal] WRITE LINE:                         |
[2025-08-14 09:40:11Z INFO Terminal] WRITE LINE: |                                                                              |
[2025-08-14 09:40:11Z INFO Terminal] WRITE LINE: --------------------------------------------------------------------------------
[2025-08-14 09:40:11Z INFO ConfigurationManager] ConfigureAsync
[2025-08-14 09:40:11Z INFO CommandSettings] Flag 'generateServiceConfig': 'False'
[2025-08-14 09:40:11Z INFO ConfigurationStore] IsConfigured()
[2025-08-14 09:40:11Z INFO ConfigurationStore] IsConfigured: False
[2025-08-14 09:40:11Z INFO ConfigurationManager] Is configured: False
[2025-08-14 09:40:11Z INFO CommandSettings] Arg 'url': 'https://github.com/jauharimalik/fiberx'
[2025-08-14 09:40:11Z INFO CommandSettings] Remove url from Arg dictionary.
[2025-08-14 09:40:11Z INFO CommandSettings] Arg 'token': '***'
[2025-08-14 09:40:11Z INFO CommandSettings] Remove token from Arg dictionary.
[2025-08-14 09:40:11Z INFO ConfigurationManager] Http response code: OK from 'POST https://api.github.com/actions/runner-registration' (D52A:BEBD4:51A40A:5E325A:689DAEFC)
[2025-08-14 09:40:11Z INFO ConfigurationManager] Using V2 flow: False
[2025-08-14 09:40:11Z INFO ConfigurationManager] cred retrieved via GitHub auth
[2025-08-14 09:40:11Z INFO RunnerServer] EstablishVssConnection
[2025-08-14 09:40:11Z INFO RunnerServer] Establish connection with 100 seconds timeout.
[2025-08-14 09:40:11Z INFO GitHubActionsService] Starting operation Location.GetConnectionData
[2025-08-14 09:40:11Z INFO RunnerServer] EstablishVssConnection
[2025-08-14 09:40:11Z INFO RunnerServer] Establish connection with 60 seconds timeout.
[2025-08-14 09:40:11Z INFO GitHubActionsService] Starting operation Location.GetConnectionData
[2025-08-14 09:40:11Z INFO RunnerServer] EstablishVssConnection
[2025-08-14 09:40:11Z INFO RunnerServer] Establish connection with 60 seconds timeout.
[2025-08-14 09:40:11Z INFO GitHubActionsService] Starting operation Location.GetConnectionData
[2025-08-14 09:40:12Z INFO GitHubActionsService] Finished operation Location.GetConnectionData
[2025-08-14 09:40:12Z INFO GitHubActionsService] Finished operation Location.GetConnectionData
[2025-08-14 09:40:12Z INFO GitHubActionsService] Finished operation Location.GetConnectionData
[2025-08-14 09:40:13Z INFO Terminal] WRITE LINE: 
[2025-08-14 09:40:13Z INFO ConfigurationManager] Test Connection complete.
[2025-08-14 09:40:13Z INFO HostContext] Well known directory 'Bin': 'C:\laragon\www\fiberx\actions-runner\bin'
[2025-08-14 09:40:13Z INFO HostContext] Well known directory 'Root': 'C:\laragon\www\fiberx\actions-runner'
[2025-08-14 09:40:13Z INFO HostContext] Well known config file 'RSACredentials': 'C:\laragon\www\fiberx\actions-runner\.credentials_rsaparams'
[2025-08-14 09:40:13Z INFO RSAEncryptedFileKeyManager] Creating new RSA key using 2048-bit key length
[2025-08-14 09:40:13Z INFO RSAEncryptedFileKeyManager] Successfully saved RSA key parameters to file C:\laragon\www\fiberx\actions-runner\.credentials_rsaparams
[2025-08-14 09:40:13Z INFO CommandSettings] Arg 'runnergroup': ''
[2025-08-14 09:40:13Z INFO CommandSettings] Flag 'unattended': 'False'
[2025-08-14 09:40:13Z INFO PromptManager] ReadValue
[2025-08-14 09:40:13Z INFO Terminal] WRITE: Enter the name of the runner group to add this runner to: 
[2025-08-14 09:40:13Z INFO Terminal] WRITE: [press Enter for Default] 
[2025-08-14 09:40:13Z INFO Terminal] READ LINE
[2025-08-14 09:40:21Z INFO Terminal] Read value: ''
[2025-08-14 09:40:21Z INFO PromptManager] Falling back to the default: 'Default'
[2025-08-14 09:40:21Z INFO Terminal] WRITE LINE: 
[2025-08-14 09:40:21Z INFO ConfigurationManager] Found a self-hosted runner group with id 1 and name Default
[2025-08-14 09:40:21Z INFO CommandSettings] Flag 'disableupdate': 'False'
[2025-08-14 09:40:21Z INFO CommandSettings] Flag 'ephemeral': 'False'
[2025-08-14 09:40:21Z INFO CommandSettings] Arg 'name': ''
[2025-08-14 09:40:21Z INFO CommandSettings] Flag 'unattended': 'False'
[2025-08-14 09:40:21Z INFO PromptManager] ReadValue
[2025-08-14 09:40:21Z INFO Terminal] WRITE: Enter the name of runner: 
[2025-08-14 09:40:21Z INFO Terminal] WRITE: [press Enter for JO] 
[2025-08-14 09:40:21Z INFO Terminal] READ LINE
[2025-08-14 09:40:23Z INFO Terminal] Read value: ''
[2025-08-14 09:40:23Z INFO PromptManager] Falling back to the default: 'JO'
[2025-08-14 09:40:23Z INFO Terminal] WRITE LINE: 
[2025-08-14 09:40:23Z INFO CommandSettings] Arg 'labels': ''
[2025-08-14 09:40:23Z INFO CommandSettings] Flag 'unattended': 'False'
[2025-08-14 09:40:23Z INFO PromptManager] ReadValue
[2025-08-14 09:40:23Z INFO Terminal] WRITE: This runner will have the following labels: 'self-hosted', 'Windows', 'X64' 
Enter any additional labels (ex. label-1,label-2): 
[2025-08-14 09:40:23Z INFO Terminal] WRITE: [press Enter to skip] 
[2025-08-14 09:40:23Z INFO Terminal] READ LINE
[2025-08-14 09:40:28Z INFO Terminal] Read value: ''
[2025-08-14 09:40:28Z INFO Terminal] WRITE LINE: 
[2025-08-14 09:40:28Z INFO CommandSettings] Flag 'disableupdate': 'False'
[2025-08-14 09:40:28Z INFO CommandSettings] Flag 'no-default-labels': 'False'
[2025-08-14 09:40:28Z INFO CommandSettings] Flag 'disableupdate': 'False'
[2025-08-14 09:40:28Z INFO CommandSettings] Flag 'ephemeral': 'False'
[2025-08-14 09:40:28Z INFO ConfigurationStore] Saving OAuth credential @ C:\laragon\www\fiberx\actions-runner\.credentials
[2025-08-14 09:40:28Z INFO ConfigurationStore] Credentials Saved.
[2025-08-14 09:40:28Z INFO ConfigurationStore] HasCredentials()
[2025-08-14 09:40:28Z INFO ConfigurationStore] stored True
[2025-08-14 09:40:28Z INFO CredentialManager] GetCredentialProvider
[2025-08-14 09:40:28Z INFO CredentialManager] Creating type OAuth
[2025-08-14 09:40:28Z INFO CredentialManager] Creating credential type: OAuth
[2025-08-14 09:40:28Z INFO RSAEncryptedFileKeyManager] Loading RSA key parameters from file C:\laragon\www\fiberx\actions-runner\.credentials_rsaparams
[2025-08-14 09:40:28Z INFO RunnerServer] EstablishVssConnection
[2025-08-14 09:40:28Z INFO RunnerServer] Establish connection with 100 seconds timeout.
[2025-08-14 09:40:28Z INFO GitHubActionsService] Starting operation Location.GetConnectionData
[2025-08-14 09:40:28Z INFO RunnerServer] EstablishVssConnection
[2025-08-14 09:40:28Z INFO RunnerServer] Establish connection with 60 seconds timeout.
[2025-08-14 09:40:28Z INFO GitHubActionsService] Starting operation Location.GetConnectionData
[2025-08-14 09:40:28Z INFO RunnerServer] EstablishVssConnection
[2025-08-14 09:40:28Z INFO RunnerServer] Establish connection with 60 seconds timeout.
[2025-08-14 09:40:28Z INFO GitHubActionsService] Starting operation Location.GetConnectionData
[2025-08-14 09:40:29Z INFO GitHubActionsService] Finished operation Location.GetConnectionData
[2025-08-14 09:40:29Z INFO GitHubActionsService] Finished operation Location.GetConnectionData
[2025-08-14 09:40:29Z INFO GitHubActionsService] Finished operation Location.GetConnectionData
[2025-08-14 09:40:30Z INFO RSAEncryptedFileKeyManager] Loading RSA key parameters from file C:\laragon\www\fiberx\actions-runner\.credentials_rsaparams
[2025-08-14 09:40:30Z INFO RSAEncryptedFileKeyManager] Loading RSA key parameters from file C:\laragon\www\fiberx\actions-runner\.credentials_rsaparams
[2025-08-14 09:40:31Z INFO GitHubActionsService] AAD Correlation ID for this token request: Unknown
[2025-08-14 09:40:31Z INFO ConfigurationManager] Service enforced serverUrlV2: https://broker.actions.githubusercontent.com/
[2025-08-14 09:40:31Z INFO ConfigurationManager] Service enforced useV2Flow: True
[2025-08-14 09:40:31Z INFO CommandSettings] Arg 'work': ''
[2025-08-14 09:40:31Z INFO CommandSettings] Flag 'unattended': 'False'
[2025-08-14 09:40:31Z INFO PromptManager] ReadValue
[2025-08-14 09:40:31Z INFO Terminal] WRITE: Enter name of work folder: 
[2025-08-14 09:40:31Z INFO Terminal] WRITE: [press Enter for _work] 
[2025-08-14 09:40:31Z INFO Terminal] READ LINE
[2025-08-14 09:40:34Z INFO Terminal] Read value: ''
[2025-08-14 09:40:34Z INFO PromptManager] Falling back to the default: '_work'
[2025-08-14 09:40:34Z INFO ConfigurationStore] Saving runner settings.
[2025-08-14 09:40:34Z INFO ConfigurationStore] Settings Saved.
[2025-08-14 09:40:34Z INFO Terminal] WRITE LINE: 
[2025-08-14 09:40:34Z INFO Terminal] WRITE LINE: 
[2025-08-14 09:40:34Z INFO CommandSettings] Flag 'runasservice': 'False'
[2025-08-14 09:40:34Z INFO CommandSettings] Flag 'unattended': 'False'
[2025-08-14 09:40:34Z INFO PromptManager] ReadValue
[2025-08-14 09:40:34Z INFO Terminal] WRITE: Would you like to run the runner as service? (Y/N) 
[2025-08-14 09:40:34Z INFO Terminal] WRITE: [press Enter for N] 
[2025-08-14 09:40:34Z INFO Terminal] READ LINE
[2025-08-14 09:40:39Z INFO Terminal] Read value: 'Y'
[2025-08-14 09:40:39Z INFO ConfigurationManager] Configuring to run the agent as service
[2025-08-14 09:40:39Z INFO CommandSettings] Arg 'windowslogonaccount': ''
[2025-08-14 09:40:39Z INFO CommandSettings] Flag 'unattended': 'False'
[2025-08-14 09:40:39Z INFO PromptManager] ReadValue
[2025-08-14 09:40:39Z INFO Terminal] WRITE: User account to use for the service 
[2025-08-14 09:40:39Z INFO Terminal] WRITE: [press Enter for NT AUTHORITY\NETWORK SERVICE] 
[2025-08-14 09:40:39Z INFO Terminal] READ LINE
[2025-08-14 09:40:47Z INFO Terminal] Read value: 'PROGRAM-002'
[2025-08-14 09:40:47Z INFO WindowsServiceControlManager] LogonAccount after transforming: JO\PROGRAM-002, user: PROGRAM-002, domain: JO
[2025-08-14 09:40:47Z INFO CommandSettings] Arg 'windowslogonpassword': ''
[2025-08-14 09:40:47Z INFO CommandSettings] Flag 'unattended': 'False'
[2025-08-14 09:40:47Z INFO PromptManager] ReadValue
[2025-08-14 09:40:47Z INFO Terminal] WRITE: Password for the account JO\PROGRAM-002 
[2025-08-14 09:40:47Z INFO Terminal] READ SECRET
[2025-08-14 09:40:52Z INFO Terminal] Read value: '***'
[2025-08-14 09:40:52Z INFO NativeWindowsServiceHelper] Verify credential for account PROGRAM-002.
[2025-08-14 09:40:52Z INFO NativeWindowsServiceHelper] Credential for account 'PROGRAM-002' is invalid.
[2025-08-14 09:40:52Z INFO CommandSettings] Flag 'unattended': 'False'
[2025-08-14 09:40:52Z INFO WindowsServiceControlManager] Invalid credential entered
[2025-08-14 09:40:52Z INFO Terminal] WRITE LINE: Invalid windows credentials entered. Try again or ctrl-c to quit
[2025-08-14 09:40:52Z INFO CommandSettings] Arg 'windowslogonpassword': ''
[2025-08-14 09:40:52Z INFO CommandSettings] Flag 'unattended': 'False'
[2025-08-14 09:40:52Z INFO PromptManager] ReadValue
[2025-08-14 09:40:52Z INFO Terminal] WRITE: Password for the account JO\PROGRAM-002 
[2025-08-14 09:40:52Z INFO Terminal] READ SECRET
[2025-08-14 09:40:57Z INFO Terminal] Read value: '***'
[2025-08-14 09:40:57Z INFO NativeWindowsServiceHelper] Verify credential for account PROGRAM-002.
[2025-08-14 09:40:57Z INFO NativeWindowsServiceHelper] Credential for account 'PROGRAM-002' is valid.
[2025-08-14 09:40:57Z INFO WindowsServiceControlManager] Credential validation succeed
[2025-08-14 09:40:57Z INFO WindowsServiceControlManager] Service name 'actions.runner.jauharimalik-fiberx.JO' display name 'GitHub Actions Runner (jauharimalik-fiberx.JO)' will be used for service configuration.
[2025-08-14 09:40:57Z ERR  Runner] System.IO.FileNotFoundException: 
File name: 'System.ServiceProcess.ServiceController, Version=8.0.0.1, Culture=neutral, PublicKeyToken=b03f5f7f11d50a3a'
   at GitHub.Runner.Listener.Configuration.NativeWindowsServiceHelper.IsServiceExists(String serviceName)
   at GitHub.Runner.Listener.Configuration.WindowsServiceControlManager.ConfigureService(RunnerSettings settings, CommandSettings command)
   at GitHub.Runner.Listener.Configuration.ConfigurationManager.ConfigureAsync(CommandSettings command)
   at GitHub.Runner.Listener.Runner.ExecuteCommand(CommandSettings command)
[2025-08-14 09:40:57Z ERR  Terminal] WRITE ERROR: 
[2025-08-14 09:40:57Z INFO Listener] Runner execution has finished with return code 1
