[2025-08-14 09:12:09Z INFO HostContext] No proxy settings were found based on environmental variables (http_proxy/https_proxy/HTTP_PROXY/HTTPS_PROXY)
[2025-08-14 09:12:10Z INFO HostContext] Well known directory 'Bin': 'C:\laragon\www\fiberx\actions-runner\bin'
[2025-08-14 09:12:10Z INFO HostContext] Well known directory 'Root': 'C:\laragon\www\fiberx\actions-runner'
[2025-08-14 09:12:10Z INFO HostContext] Well known config file 'Credentials': 'C:\laragon\www\fiberx\actions-runner\.credentials'
[2025-08-14 09:12:10Z INFO HostContext] Well known directory 'Bin': 'C:\laragon\www\fiberx\actions-runner\bin'
[2025-08-14 09:12:10Z INFO HostContext] Well known directory 'Root': 'C:\laragon\www\fiberx\actions-runner'
[2025-08-14 09:12:10Z INFO HostContext] Well known config file 'Runner': 'C:\laragon\www\fiberx\actions-runner\.runner'
[2025-08-14 09:12:10Z INFO Listener] Runner is built for Windows (X64) - win-x64.
[2025-08-14 09:12:10Z INFO Listener] RuntimeInformation: Microsoft Windows 10.0.19045.
[2025-08-14 09:12:10Z INFO Listener] Version: 2.327.1
[2025-08-14 09:12:10Z INFO Listener] Commit: 9513afd82fbc900d13362cdd4fcdab0538f5124e
[2025-08-14 09:12:10Z INFO Listener] Culture: en-US
[2025-08-14 09:12:10Z INFO Listener] UI Culture: en-US
[2025-08-14 09:12:10Z INFO HostContext] Well known directory 'Bin': 'C:\laragon\www\fiberx\actions-runner\bin'
[2025-08-14 09:12:10Z INFO HostContext] Well known directory 'Root': 'C:\laragon\www\fiberx\actions-runner'
[2025-08-14 09:12:10Z INFO Listener] Validating directory permissions for: 'C:\laragon\www\fiberx\actions-runner'
[2025-08-14 09:12:10Z INFO CommandLineParser] Parse
[2025-08-14 09:12:10Z INFO CommandLineParser] Parsing 3 args
[2025-08-14 09:12:10Z INFO CommandLineParser] parsing argument
[2025-08-14 09:12:10Z INFO CommandLineParser] HasArgs: False
[2025-08-14 09:12:10Z INFO CommandLineParser] Adding Command: run
[2025-08-14 09:12:10Z INFO CommandLineParser] parsing argument
[2025-08-14 09:12:10Z INFO CommandLineParser] HasArgs: True
[2025-08-14 09:12:10Z INFO CommandLineParser] arg: startuptype
[2025-08-14 09:12:10Z INFO CommandLineParser] parsing argument
[2025-08-14 09:12:10Z INFO CommandLineParser] HasArgs: True
[2025-08-14 09:12:10Z INFO CommandLineParser] Adding option 'startuptype': 'service'
[2025-08-14 09:12:10Z INFO Listener] Arguments parsed
[2025-08-14 09:12:10Z INFO Runner] ExecuteCommand
[2025-08-14 09:12:10Z INFO ConfigurationStore] currentAssemblyLocation: C:\laragon\www\fiberx\actions-runner\bin\Runner.Listener.dll
[2025-08-14 09:12:10Z INFO HostContext] Well known directory 'Bin': 'C:\laragon\www\fiberx\actions-runner\bin'
[2025-08-14 09:12:10Z INFO ConfigurationStore] binPath: C:\laragon\www\fiberx\actions-runner\bin
[2025-08-14 09:12:10Z INFO HostContext] Well known directory 'Bin': 'C:\laragon\www\fiberx\actions-runner\bin'
[2025-08-14 09:12:10Z INFO HostContext] Well known directory 'Root': 'C:\laragon\www\fiberx\actions-runner'
[2025-08-14 09:12:10Z INFO ConfigurationStore] RootFolder: C:\laragon\www\fiberx\actions-runner
[2025-08-14 09:12:10Z INFO HostContext] Well known directory 'Bin': 'C:\laragon\www\fiberx\actions-runner\bin'
[2025-08-14 09:12:10Z INFO HostContext] Well known directory 'Root': 'C:\laragon\www\fiberx\actions-runner'
[2025-08-14 09:12:10Z INFO HostContext] Well known config file 'Runner': 'C:\laragon\www\fiberx\actions-runner\.runner'
[2025-08-14 09:12:10Z INFO ConfigurationStore] ConfigFilePath: C:\laragon\www\fiberx\actions-runner\.runner
[2025-08-14 09:12:10Z INFO HostContext] Well known directory 'Bin': 'C:\laragon\www\fiberx\actions-runner\bin'
[2025-08-14 09:12:10Z INFO HostContext] Well known directory 'Root': 'C:\laragon\www\fiberx\actions-runner'
[2025-08-14 09:12:10Z INFO HostContext] Well known config file 'MigratedRunner': 'C:\laragon\www\fiberx\actions-runner\.runner_migrated'
[2025-08-14 09:12:10Z INFO ConfigurationStore] MigratedConfigFilePath: C:\laragon\www\fiberx\actions-runner\.runner_migrated
[2025-08-14 09:12:10Z INFO HostContext] Well known directory 'Bin': 'C:\laragon\www\fiberx\actions-runner\bin'
[2025-08-14 09:12:10Z INFO HostContext] Well known directory 'Root': 'C:\laragon\www\fiberx\actions-runner'
[2025-08-14 09:12:10Z INFO HostContext] Well known config file 'Credentials': 'C:\laragon\www\fiberx\actions-runner\.credentials'
[2025-08-14 09:12:10Z INFO ConfigurationStore] CredFilePath: C:\laragon\www\fiberx\actions-runner\.credentials
[2025-08-14 09:12:10Z INFO HostContext] Well known directory 'Bin': 'C:\laragon\www\fiberx\actions-runner\bin'
[2025-08-14 09:12:10Z INFO HostContext] Well known directory 'Root': 'C:\laragon\www\fiberx\actions-runner'
[2025-08-14 09:12:10Z INFO HostContext] Well known config file 'MigratedCredentials': 'C:\laragon\www\fiberx\actions-runner\.credentials_migrated'
[2025-08-14 09:12:10Z INFO ConfigurationStore] MigratedCredFilePath: C:\laragon\www\fiberx\actions-runner\.credentials_migrated
[2025-08-14 09:12:10Z INFO HostContext] Well known directory 'Bin': 'C:\laragon\www\fiberx\actions-runner\bin'
[2025-08-14 09:12:10Z INFO HostContext] Well known directory 'Root': 'C:\laragon\www\fiberx\actions-runner'
[2025-08-14 09:12:10Z INFO HostContext] Well known config file 'Service': 'C:\laragon\www\fiberx\actions-runner\.service'
[2025-08-14 09:12:10Z INFO ConfigurationStore] ServiceConfigFilePath: C:\laragon\www\fiberx\actions-runner\.service
[2025-08-14 09:12:10Z INFO CommandSettings] Flag 'help': 'False'
[2025-08-14 09:12:10Z INFO CommandSettings] Flag 'version': 'False'
[2025-08-14 09:12:10Z INFO CommandSettings] Flag 'commit': 'False'
[2025-08-14 09:12:10Z INFO CommandSettings] Flag 'check': 'False'
[2025-08-14 09:12:10Z INFO CommandSettings] Command 'configure': 'False'
[2025-08-14 09:12:10Z INFO CommandSettings] Command 'remove': 'False'
[2025-08-14 09:12:10Z INFO CommandSettings] Command 'warmup': 'False'
[2025-08-14 09:12:10Z INFO ConfigurationManager] LoadSettings
[2025-08-14 09:12:10Z INFO ConfigurationStore] IsConfigured()
[2025-08-14 09:12:10Z INFO ConfigurationStore] IsConfigured: True
[2025-08-14 09:12:10Z INFO ConfigurationManager] Is configured: True
[2025-08-14 09:12:10Z INFO ConfigurationStore] Read setting file: 385 chars
[2025-08-14 09:12:10Z INFO ConfigurationManager] Settings Loaded
[2025-08-14 09:12:10Z INFO ConfigurationStore] IsServiceConfigured()
[2025-08-14 09:12:10Z INFO ConfigurationStore] IsServiceConfigured: True
[2025-08-14 09:12:10Z INFO CommandSettings] Command 'run': 'True'
[2025-08-14 09:12:10Z INFO ConfigurationStore] IsConfigured()
[2025-08-14 09:12:10Z INFO ConfigurationStore] IsConfigured: True
[2025-08-14 09:12:10Z INFO ConfigurationManager] Is configured: True
[2025-08-14 09:12:10Z INFO Runner] Set runner startup type - Service
[2025-08-14 09:12:10Z INFO CommandSettings] Flag 'once': 'False'
[2025-08-14 09:12:10Z INFO CommandSettings] Flag 'once': 'False'
[2025-08-14 09:12:10Z INFO Runner] RunAsync
[2025-08-14 09:12:10Z INFO ConfigurationManager] LoadMigratedSettings
[2025-08-14 09:12:10Z INFO ConfigurationStore] IsMigratedConfigured()
[2025-08-14 09:12:10Z INFO ConfigurationStore] IsMigratedConfigured: False
[2025-08-14 09:12:10Z INFO Runner] Failed to load migrated settings: No migrated configuration found.
[2025-08-14 09:12:10Z INFO Runner] Falling back to original .runner settings
[2025-08-14 09:12:10Z INFO Runner] Using BrokerMessageListener
[2025-08-14 09:12:10Z INFO BrokerMessageListener] Using provided settings
[2025-08-14 09:12:10Z INFO BrokerMessageListener] {
  "AgentId": 2,
  "AgentName": "JO",
  "PoolId": 1,
  "PoolName": "Default",
  "ServerUrl": "https://pipelinesghubeus15.actions.githubusercontent.com/HLVvYa4EQ4gmli2xAFp0jlQMUfJshCbH1feiOknxmXHeaFb9SZ/",
  "GitHubUrl": "https://github.com/jauharimalik/fiberx",
  "WorkFolder": "_work",
  "UseV2Flow": true,
  "ServerUrlV2": "https://broker.actions.githubusercontent.com/"
}
[2025-08-14 09:12:10Z INFO BrokerMessageListener] Loading Credentials
[2025-08-14 09:12:10Z INFO ConfigurationStore] HasCredentials()
[2025-08-14 09:12:10Z INFO ConfigurationStore] stored True
[2025-08-14 09:12:10Z INFO CredentialManager] GetCredentialProvider
[2025-08-14 09:12:10Z INFO CredentialManager] Creating type OAuth
[2025-08-14 09:12:10Z INFO CredentialManager] Creating credential type: OAuth
[2025-08-14 09:12:10Z INFO HostContext] Well known directory 'Bin': 'C:\laragon\www\fiberx\actions-runner\bin'
[2025-08-14 09:12:10Z INFO HostContext] Well known directory 'Root': 'C:\laragon\www\fiberx\actions-runner'
[2025-08-14 09:12:10Z INFO HostContext] Well known config file 'RSACredentials': 'C:\laragon\www\fiberx\actions-runner\.credentials_rsaparams'
[2025-08-14 09:12:10Z INFO RSAEncryptedFileKeyManager] Loading RSA key parameters from file C:\laragon\www\fiberx\actions-runner\.credentials_rsaparams
[2025-08-14 09:12:10Z INFO BrokerMessageListener] Attempt to create session.
[2025-08-14 09:12:10Z INFO BrokerMessageListener] Connecting to the Broker Server...
[2025-08-14 09:12:10Z INFO ConfigurationStore] HasCredentials()
[2025-08-14 09:12:10Z INFO ConfigurationStore] stored True
[2025-08-14 09:12:10Z INFO CredentialManager] GetCredentialProvider
[2025-08-14 09:12:10Z INFO CredentialManager] Creating type OAuth
[2025-08-14 09:12:10Z INFO CredentialManager] Creating credential type: OAuth
[2025-08-14 09:12:10Z INFO RSAEncryptedFileKeyManager] Loading RSA key parameters from file C:\laragon\www\fiberx\actions-runner\.credentials_rsaparams
[2025-08-14 09:12:10Z INFO BrokerMessageListener] VssConnection created
[2025-08-14 09:12:10Z INFO BrokerMessageListener] Connecting to the Runner server...
[2025-08-14 09:12:10Z INFO RunnerServer] EstablishVssConnection
[2025-08-14 09:12:10Z INFO RunnerServer] Establish connection with 100 seconds timeout.
[2025-08-14 09:12:10Z INFO GitHubActionsService] Starting operation Location.GetConnectionData
[2025-08-14 09:12:10Z INFO RunnerServer] EstablishVssConnection
[2025-08-14 09:12:10Z INFO RunnerServer] Establish connection with 60 seconds timeout.
[2025-08-14 09:12:10Z INFO GitHubActionsService] Starting operation Location.GetConnectionData
[2025-08-14 09:12:10Z INFO RunnerServer] EstablishVssConnection
[2025-08-14 09:12:10Z INFO RunnerServer] Establish connection with 60 seconds timeout.
[2025-08-14 09:12:10Z INFO GitHubActionsService] Starting operation Location.GetConnectionData
[2025-08-14 09:12:11Z INFO GitHubActionsService] Finished operation Location.GetConnectionData
[2025-08-14 09:12:11Z INFO GitHubActionsService] Finished operation Location.GetConnectionData
[2025-08-14 09:12:11Z INFO GitHubActionsService] Finished operation Location.GetConnectionData
[2025-08-14 09:12:11Z INFO BrokerMessageListener] VssConnection created
[2025-08-14 09:12:11Z INFO Terminal] WRITE LINE: 
[2025-08-14 09:12:11Z INFO Terminal] WRITE LINE: 
[2025-08-14 09:12:11Z INFO RSAEncryptedFileKeyManager] Loading RSA key parameters from file C:\laragon\www\fiberx\actions-runner\.credentials_rsaparams
[2025-08-14 09:12:11Z INFO RSAEncryptedFileKeyManager] Loading RSA key parameters from file C:\laragon\www\fiberx\actions-runner\.credentials_rsaparams
[2025-08-14 09:12:12Z INFO GitHubActionsService] AAD Correlation ID for this token request: Unknown
[2025-08-14 09:12:13Z ERR  GitHubActionsService] POST request to https://broker.actions.githubusercontent.com/session failed. HTTP Status: Conflict
[2025-08-14 09:12:13Z ERR  BrokerMessageListener] Catch exception during create session.
[2025-08-14 09:12:13Z ERR  BrokerMessageListener] GitHub.DistributedTask.WebApi.TaskAgentSessionConflictException: Error: Conflict
   at GitHub.Actions.RunService.WebApi.BrokerHttpClient.CreateSessionAsync(TaskAgentSession session, CancellationToken cancellationToken)
   at GitHub.Runner.Common.BrokerServer.CreateSessionAsync(TaskAgentSession session, CancellationToken cancellationToken)
   at GitHub.Runner.Listener.BrokerMessageListener.CreateSessionAsync(CancellationToken token)
[2025-08-14 09:12:13Z INFO BrokerMessageListener] The session for this runner already exists.
[2025-08-14 09:12:13Z ERR  Terminal] WRITE ERROR: A session for this runner already exists.
[2025-08-14 09:12:13Z INFO BrokerMessageListener] The session conflict exception haven't reached retry limit.
[2025-08-14 09:12:13Z ERR  Terminal] WRITE ERROR: 2025-08-14 09:12:13Z: Runner connect error: Error: Conflict. Retrying until reconnected.
[2025-08-14 09:12:13Z INFO BrokerMessageListener] Sleeping for 30 seconds before retrying.
[2025-08-14 09:12:43Z INFO BrokerMessageListener] Attempt to create session.
[2025-08-14 09:12:43Z INFO BrokerMessageListener] Connecting to the Broker Server...
[2025-08-14 09:12:43Z INFO ConfigurationStore] HasCredentials()
[2025-08-14 09:12:43Z INFO ConfigurationStore] stored True
[2025-08-14 09:12:43Z INFO CredentialManager] GetCredentialProvider
[2025-08-14 09:12:43Z INFO CredentialManager] Creating type OAuth
[2025-08-14 09:12:43Z INFO CredentialManager] Creating credential type: OAuth
[2025-08-14 09:12:43Z INFO RSAEncryptedFileKeyManager] Loading RSA key parameters from file C:\laragon\www\fiberx\actions-runner\.credentials_rsaparams
[2025-08-14 09:12:43Z INFO BrokerMessageListener] VssConnection created
[2025-08-14 09:12:43Z INFO BrokerMessageListener] Connecting to the Runner server...
[2025-08-14 09:12:43Z INFO RunnerServer] EstablishVssConnection
[2025-08-14 09:12:43Z INFO RunnerServer] Establish connection with 100 seconds timeout.
[2025-08-14 09:12:43Z INFO GitHubActionsService] Starting operation Location.GetConnectionData
[2025-08-14 09:12:43Z INFO RunnerServer] EstablishVssConnection
[2025-08-14 09:12:43Z INFO RunnerServer] Establish connection with 60 seconds timeout.
[2025-08-14 09:12:43Z INFO GitHubActionsService] Starting operation Location.GetConnectionData
[2025-08-14 09:12:43Z INFO RunnerServer] EstablishVssConnection
[2025-08-14 09:12:43Z INFO RunnerServer] Establish connection with 60 seconds timeout.
[2025-08-14 09:12:43Z INFO GitHubActionsService] Starting operation Location.GetConnectionData
[2025-08-14 09:12:44Z INFO GitHubActionsService] Finished operation Location.GetConnectionData
[2025-08-14 09:12:44Z INFO GitHubActionsService] Finished operation Location.GetConnectionData
[2025-08-14 09:12:44Z INFO GitHubActionsService] Finished operation Location.GetConnectionData
[2025-08-14 09:12:44Z INFO BrokerMessageListener] VssConnection created
[2025-08-14 09:12:44Z INFO Terminal] WRITE LINE: 
[2025-08-14 09:12:44Z INFO Terminal] WRITE LINE: 
[2025-08-14 09:12:44Z INFO RSAEncryptedFileKeyManager] Loading RSA key parameters from file C:\laragon\www\fiberx\actions-runner\.credentials_rsaparams
[2025-08-14 09:12:44Z INFO RSAEncryptedFileKeyManager] Loading RSA key parameters from file C:\laragon\www\fiberx\actions-runner\.credentials_rsaparams
[2025-08-14 09:12:45Z INFO GitHubActionsService] AAD Correlation ID for this token request: Unknown
[2025-08-14 09:12:47Z ERR  GitHubActionsService] POST request to https://broker.actions.githubusercontent.com/session failed. HTTP Status: Conflict
[2025-08-14 09:12:47Z ERR  BrokerMessageListener] Catch exception during create session.
[2025-08-14 09:12:47Z ERR  BrokerMessageListener] GitHub.DistributedTask.WebApi.TaskAgentSessionConflictException: Error: Conflict
   at GitHub.Actions.RunService.WebApi.BrokerHttpClient.CreateSessionAsync(TaskAgentSession session, CancellationToken cancellationToken)
   at GitHub.Runner.Common.BrokerServer.CreateSessionAsync(TaskAgentSession session, CancellationToken cancellationToken)
   at GitHub.Runner.Listener.BrokerMessageListener.CreateSessionAsync(CancellationToken token)
[2025-08-14 09:12:47Z INFO BrokerMessageListener] The session for this runner already exists.
[2025-08-14 09:12:47Z ERR  Terminal] WRITE ERROR: A session for this runner already exists.
[2025-08-14 09:12:47Z INFO BrokerMessageListener] The session conflict exception haven't reached retry limit.
[2025-08-14 09:12:47Z INFO BrokerMessageListener] Sleeping for 30 seconds before retrying.
[2025-08-14 09:13:17Z INFO BrokerMessageListener] Attempt to create session.
[2025-08-14 09:13:17Z INFO BrokerMessageListener] Connecting to the Broker Server...
[2025-08-14 09:13:17Z INFO ConfigurationStore] HasCredentials()
[2025-08-14 09:13:17Z INFO ConfigurationStore] stored True
[2025-08-14 09:13:17Z INFO CredentialManager] GetCredentialProvider
[2025-08-14 09:13:17Z INFO CredentialManager] Creating type OAuth
[2025-08-14 09:13:17Z INFO CredentialManager] Creating credential type: OAuth
[2025-08-14 09:13:17Z INFO RSAEncryptedFileKeyManager] Loading RSA key parameters from file C:\laragon\www\fiberx\actions-runner\.credentials_rsaparams
[2025-08-14 09:13:17Z INFO BrokerMessageListener] VssConnection created
[2025-08-14 09:13:17Z INFO BrokerMessageListener] Connecting to the Runner server...
[2025-08-14 09:13:17Z INFO RunnerServer] EstablishVssConnection
[2025-08-14 09:13:17Z INFO RunnerServer] Establish connection with 100 seconds timeout.
[2025-08-14 09:13:17Z INFO GitHubActionsService] Starting operation Location.GetConnectionData
[2025-08-14 09:13:17Z INFO RunnerServer] EstablishVssConnection
[2025-08-14 09:13:17Z INFO RunnerServer] Establish connection with 60 seconds timeout.
[2025-08-14 09:13:17Z INFO GitHubActionsService] Starting operation Location.GetConnectionData
[2025-08-14 09:13:17Z INFO RunnerServer] EstablishVssConnection
[2025-08-14 09:13:17Z INFO RunnerServer] Establish connection with 60 seconds timeout.
[2025-08-14 09:13:17Z INFO GitHubActionsService] Starting operation Location.GetConnectionData
[2025-08-14 09:13:18Z INFO GitHubActionsService] Finished operation Location.GetConnectionData
[2025-08-14 09:13:18Z INFO GitHubActionsService] Finished operation Location.GetConnectionData
[2025-08-14 09:13:18Z INFO GitHubActionsService] Finished operation Location.GetConnectionData
[2025-08-14 09:13:18Z INFO BrokerMessageListener] VssConnection created
[2025-08-14 09:13:18Z INFO Terminal] WRITE LINE: 
[2025-08-14 09:13:18Z INFO Terminal] WRITE LINE: 
[2025-08-14 09:13:18Z INFO RSAEncryptedFileKeyManager] Loading RSA key parameters from file C:\laragon\www\fiberx\actions-runner\.credentials_rsaparams
[2025-08-14 09:13:18Z INFO RSAEncryptedFileKeyManager] Loading RSA key parameters from file C:\laragon\www\fiberx\actions-runner\.credentials_rsaparams
[2025-08-14 09:13:19Z INFO GitHubActionsService] AAD Correlation ID for this token request: Unknown
[2025-08-14 09:13:20Z ERR  GitHubActionsService] POST request to https://broker.actions.githubusercontent.com/session failed. HTTP Status: Conflict
[2025-08-14 09:13:20Z ERR  BrokerMessageListener] Catch exception during create session.
[2025-08-14 09:13:20Z ERR  BrokerMessageListener] GitHub.DistributedTask.WebApi.TaskAgentSessionConflictException: Error: Conflict
   at GitHub.Actions.RunService.WebApi.BrokerHttpClient.CreateSessionAsync(TaskAgentSession session, CancellationToken cancellationToken)
   at GitHub.Runner.Common.BrokerServer.CreateSessionAsync(TaskAgentSession session, CancellationToken cancellationToken)
   at GitHub.Runner.Listener.BrokerMessageListener.CreateSessionAsync(CancellationToken token)
[2025-08-14 09:13:20Z INFO BrokerMessageListener] The session for this runner already exists.
[2025-08-14 09:13:20Z ERR  Terminal] WRITE ERROR: A session for this runner already exists.
[2025-08-14 09:13:20Z INFO BrokerMessageListener] The session conflict exception haven't reached retry limit.
[2025-08-14 09:13:20Z INFO BrokerMessageListener] Sleeping for 30 seconds before retrying.
[2025-08-14 09:13:50Z INFO BrokerMessageListener] Attempt to create session.
[2025-08-14 09:13:50Z INFO BrokerMessageListener] Connecting to the Broker Server...
[2025-08-14 09:13:50Z INFO ConfigurationStore] HasCredentials()
[2025-08-14 09:13:50Z INFO ConfigurationStore] stored True
[2025-08-14 09:13:50Z INFO CredentialManager] GetCredentialProvider
[2025-08-14 09:13:50Z INFO CredentialManager] Creating type OAuth
[2025-08-14 09:13:50Z INFO CredentialManager] Creating credential type: OAuth
[2025-08-14 09:13:50Z INFO RSAEncryptedFileKeyManager] Loading RSA key parameters from file C:\laragon\www\fiberx\actions-runner\.credentials_rsaparams
[2025-08-14 09:13:50Z INFO BrokerMessageListener] VssConnection created
[2025-08-14 09:13:50Z INFO BrokerMessageListener] Connecting to the Runner server...
[2025-08-14 09:13:50Z INFO RunnerServer] EstablishVssConnection
[2025-08-14 09:13:50Z INFO RunnerServer] Establish connection with 100 seconds timeout.
[2025-08-14 09:13:50Z INFO GitHubActionsService] Starting operation Location.GetConnectionData
[2025-08-14 09:13:50Z INFO RunnerServer] EstablishVssConnection
[2025-08-14 09:13:50Z INFO RunnerServer] Establish connection with 60 seconds timeout.
[2025-08-14 09:13:50Z INFO GitHubActionsService] Starting operation Location.GetConnectionData
[2025-08-14 09:13:50Z INFO RunnerServer] EstablishVssConnection
[2025-08-14 09:13:50Z INFO RunnerServer] Establish connection with 60 seconds timeout.
[2025-08-14 09:13:50Z INFO GitHubActionsService] Starting operation Location.GetConnectionData
[2025-08-14 09:13:51Z INFO GitHubActionsService] Finished operation Location.GetConnectionData
[2025-08-14 09:13:51Z INFO GitHubActionsService] Finished operation Location.GetConnectionData
[2025-08-14 09:13:51Z INFO GitHubActionsService] Finished operation Location.GetConnectionData
[2025-08-14 09:13:51Z INFO BrokerMessageListener] VssConnection created
[2025-08-14 09:13:51Z INFO Terminal] WRITE LINE: 
[2025-08-14 09:13:51Z INFO Terminal] WRITE LINE: 
[2025-08-14 09:13:51Z INFO RSAEncryptedFileKeyManager] Loading RSA key parameters from file C:\laragon\www\fiberx\actions-runner\.credentials_rsaparams
[2025-08-14 09:13:51Z INFO RSAEncryptedFileKeyManager] Loading RSA key parameters from file C:\laragon\www\fiberx\actions-runner\.credentials_rsaparams
[2025-08-14 09:13:52Z INFO GitHubActionsService] AAD Correlation ID for this token request: Unknown
[2025-08-14 09:13:53Z ERR  GitHubActionsService] POST request to https://broker.actions.githubusercontent.com/session failed. HTTP Status: Conflict
[2025-08-14 09:13:53Z ERR  BrokerMessageListener] Catch exception during create session.
[2025-08-14 09:13:53Z ERR  BrokerMessageListener] GitHub.DistributedTask.WebApi.TaskAgentSessionConflictException: Error: Conflict
   at GitHub.Actions.RunService.WebApi.BrokerHttpClient.CreateSessionAsync(TaskAgentSession session, CancellationToken cancellationToken)
   at GitHub.Runner.Common.BrokerServer.CreateSessionAsync(TaskAgentSession session, CancellationToken cancellationToken)
   at GitHub.Runner.Listener.BrokerMessageListener.CreateSessionAsync(CancellationToken token)
[2025-08-14 09:13:53Z INFO BrokerMessageListener] The session for this runner already exists.
[2025-08-14 09:13:53Z ERR  Terminal] WRITE ERROR: A session for this runner already exists.
[2025-08-14 09:13:53Z INFO BrokerMessageListener] The session conflict exception haven't reached retry limit.
[2025-08-14 09:13:53Z INFO BrokerMessageListener] Sleeping for 30 seconds before retrying.
[2025-08-14 09:14:23Z INFO BrokerMessageListener] Attempt to create session.
[2025-08-14 09:14:23Z INFO BrokerMessageListener] Connecting to the Broker Server...
[2025-08-14 09:14:23Z INFO ConfigurationStore] HasCredentials()
[2025-08-14 09:14:23Z INFO ConfigurationStore] stored True
[2025-08-14 09:14:23Z INFO CredentialManager] GetCredentialProvider
[2025-08-14 09:14:23Z INFO CredentialManager] Creating type OAuth
[2025-08-14 09:14:23Z INFO CredentialManager] Creating credential type: OAuth
[2025-08-14 09:14:23Z INFO RSAEncryptedFileKeyManager] Loading RSA key parameters from file C:\laragon\www\fiberx\actions-runner\.credentials_rsaparams
[2025-08-14 09:14:23Z INFO BrokerMessageListener] VssConnection created
[2025-08-14 09:14:23Z INFO BrokerMessageListener] Connecting to the Runner server...
[2025-08-14 09:14:23Z INFO RunnerServer] EstablishVssConnection
[2025-08-14 09:14:23Z INFO RunnerServer] Establish connection with 100 seconds timeout.
[2025-08-14 09:14:23Z INFO GitHubActionsService] Starting operation Location.GetConnectionData
[2025-08-14 09:14:23Z INFO RunnerServer] EstablishVssConnection
[2025-08-14 09:14:23Z INFO RunnerServer] Establish connection with 60 seconds timeout.
[2025-08-14 09:14:23Z INFO GitHubActionsService] Starting operation Location.GetConnectionData
[2025-08-14 09:14:23Z INFO RunnerServer] EstablishVssConnection
[2025-08-14 09:14:23Z INFO RunnerServer] Establish connection with 60 seconds timeout.
[2025-08-14 09:14:23Z INFO GitHubActionsService] Starting operation Location.GetConnectionData
[2025-08-14 09:14:24Z INFO GitHubActionsService] Finished operation Location.GetConnectionData
[2025-08-14 09:14:24Z INFO GitHubActionsService] Finished operation Location.GetConnectionData
[2025-08-14 09:14:25Z INFO GitHubActionsService] Finished operation Location.GetConnectionData
[2025-08-14 09:14:25Z INFO BrokerMessageListener] VssConnection created
[2025-08-14 09:14:25Z INFO Terminal] WRITE LINE: 
[2025-08-14 09:14:25Z INFO Terminal] WRITE LINE: 
[2025-08-14 09:14:25Z INFO RSAEncryptedFileKeyManager] Loading RSA key parameters from file C:\laragon\www\fiberx\actions-runner\.credentials_rsaparams
[2025-08-14 09:14:25Z INFO RSAEncryptedFileKeyManager] Loading RSA key parameters from file C:\laragon\www\fiberx\actions-runner\.credentials_rsaparams
[2025-08-14 09:14:26Z INFO GitHubActionsService] AAD Correlation ID for this token request: Unknown
[2025-08-14 09:14:27Z ERR  GitHubActionsService] POST request to https://broker.actions.githubusercontent.com/session failed. HTTP Status: Conflict
[2025-08-14 09:14:27Z ERR  BrokerMessageListener] Catch exception during create session.
[2025-08-14 09:14:27Z ERR  BrokerMessageListener] GitHub.DistributedTask.WebApi.TaskAgentSessionConflictException: Error: Conflict
   at GitHub.Actions.RunService.WebApi.BrokerHttpClient.CreateSessionAsync(TaskAgentSession session, CancellationToken cancellationToken)
   at GitHub.Runner.Common.BrokerServer.CreateSessionAsync(TaskAgentSession session, CancellationToken cancellationToken)
   at GitHub.Runner.Listener.BrokerMessageListener.CreateSessionAsync(CancellationToken token)
[2025-08-14 09:14:27Z INFO BrokerMessageListener] The session for this runner already exists.
[2025-08-14 09:14:27Z ERR  Terminal] WRITE ERROR: A session for this runner already exists.
[2025-08-14 09:14:27Z INFO BrokerMessageListener] The session conflict exception haven't reached retry limit.
[2025-08-14 09:14:27Z INFO BrokerMessageListener] Sleeping for 30 seconds before retrying.
[2025-08-14 09:14:57Z INFO BrokerMessageListener] Attempt to create session.
[2025-08-14 09:14:57Z INFO BrokerMessageListener] Connecting to the Broker Server...
[2025-08-14 09:14:57Z INFO ConfigurationStore] HasCredentials()
[2025-08-14 09:14:57Z INFO ConfigurationStore] stored True
[2025-08-14 09:14:57Z INFO CredentialManager] GetCredentialProvider
[2025-08-14 09:14:57Z INFO CredentialManager] Creating type OAuth
[2025-08-14 09:14:57Z INFO CredentialManager] Creating credential type: OAuth
[2025-08-14 09:14:57Z INFO RSAEncryptedFileKeyManager] Loading RSA key parameters from file C:\laragon\www\fiberx\actions-runner\.credentials_rsaparams
[2025-08-14 09:14:57Z INFO BrokerMessageListener] VssConnection created
[2025-08-14 09:14:57Z INFO BrokerMessageListener] Connecting to the Runner server...
[2025-08-14 09:14:57Z INFO RunnerServer] EstablishVssConnection
[2025-08-14 09:14:57Z INFO RunnerServer] Establish connection with 100 seconds timeout.
[2025-08-14 09:14:57Z INFO GitHubActionsService] Starting operation Location.GetConnectionData
[2025-08-14 09:14:57Z INFO RunnerServer] EstablishVssConnection
[2025-08-14 09:14:57Z INFO RunnerServer] Establish connection with 60 seconds timeout.
[2025-08-14 09:14:57Z INFO GitHubActionsService] Starting operation Location.GetConnectionData
[2025-08-14 09:14:57Z INFO RunnerServer] EstablishVssConnection
[2025-08-14 09:14:57Z INFO RunnerServer] Establish connection with 60 seconds timeout.
[2025-08-14 09:14:57Z INFO GitHubActionsService] Starting operation Location.GetConnectionData
[2025-08-14 09:14:58Z INFO GitHubActionsService] Finished operation Location.GetConnectionData
[2025-08-14 09:14:58Z INFO GitHubActionsService] Finished operation Location.GetConnectionData
[2025-08-14 09:14:58Z INFO GitHubActionsService] Finished operation Location.GetConnectionData
[2025-08-14 09:14:58Z INFO BrokerMessageListener] VssConnection created
[2025-08-14 09:14:58Z INFO Terminal] WRITE LINE: 
[2025-08-14 09:14:58Z INFO Terminal] WRITE LINE: 
[2025-08-14 09:14:58Z INFO RSAEncryptedFileKeyManager] Loading RSA key parameters from file C:\laragon\www\fiberx\actions-runner\.credentials_rsaparams
[2025-08-14 09:14:58Z INFO RSAEncryptedFileKeyManager] Loading RSA key parameters from file C:\laragon\www\fiberx\actions-runner\.credentials_rsaparams
[2025-08-14 09:14:59Z INFO GitHubActionsService] AAD Correlation ID for this token request: Unknown
[2025-08-14 09:15:00Z INFO BrokerMessageListener] Session created.
[2025-08-14 09:15:00Z INFO Terminal] WRITE LINE: 2025-08-14 09:15:00Z: Runner reconnected.
[2025-08-14 09:15:00Z INFO Terminal] WRITE LINE: Current runner version: '2.327.1'
[2025-08-14 09:15:00Z INFO Terminal] WRITE LINE: 2025-08-14 09:15:00Z: Listening for Jobs
[2025-08-14 09:15:00Z INFO JobDispatcher] Set runner/worker IPC timeout to 30 seconds.
[2025-08-14 09:33:42Z INFO ConfigurationStore] HasCredentials()
[2025-08-14 09:33:42Z INFO ConfigurationStore] stored False
[2025-08-14 09:33:42Z INFO JobDispatcher] Shutting down JobDispatcher. Make sure all WorkerDispatcher has finished.
[2025-08-14 09:33:42Z INFO Runner] Deleting Runner Session...
[2025-08-14 09:33:43Z ERR  Terminal] WRITE ERROR: An error occurred: Credentials not stored. Must reconfigure.
[2025-08-14 09:33:43Z ERR  Listener] System.InvalidOperationException: Credentials not stored. Must reconfigure.
   at GitHub.Runner.Listener.Configuration.CredentialManager.LoadCredentials(Boolean allowAuthUrlV2)
   at GitHub.Runner.Listener.Runner.RunAsync(RunnerSettings settings, Boolean runOnce)
   at GitHub.Runner.Listener.Runner.RunAsync(RunnerSettings settings, Boolean runOnce)
   at GitHub.Runner.Listener.Runner.RunAsync(RunnerSettings settings, Boolean runOnce)
   at GitHub.Runner.Listener.Runner.ExecuteRunnerAsync(RunnerSettings settings, Boolean runOnce)
   at GitHub.Runner.Listener.Runner.ExecuteCommand(CommandSettings command)
   at GitHub.Runner.Listener.Program.MainAsync(IHostContext context, String[] args)
